<?xml version="1.0" encoding="UTF-8"?>
<!-- Generated by org.testng.reporters.JUnitXMLReporter -->
<testsuite ignored="2" hostname="DESKTOP-C31HH70" failures="0" tests="3" name="Default test" time="39.373" errors="0" timestamp="2022-08-29T15:00:33 IST">
  <testcase classname="test.FundsPage" name="data" time="0.261"/>
  <testcase classname="test.FundsPage" name="data" time="0.005"/>
  <testcase classname="test.FundsPage" name="data" time="0.004"/>
  <testcase classname="test.FundsPage" name="ClickOnViewstatementbutton" time="0.0">
    <ignored/>
  </testcase> <!-- ClickOnViewstatementbutton -->
  <testcase classname="test.FundsPage" name="ClickOnWithdrawButton" time="0.0">
    <ignored/>
  </testcase> <!-- ClickOnWithdrawButton -->
</testsuite> <!-- Default test -->
