<?xml version="1.0" encoding="UTF-8"?>
<testng-results ignored="2" total="5" passed="3" failed="0" skipped="0">
  <reporter-output>
  </reporter-output>
  <suite started-at="2022-08-29T14:59:54 IST" name="Default suite" finished-at="2022-08-29T15:00:33 IST" duration-ms="39373">
    <groups>
    </groups>
    <test started-at="2022-08-29T14:59:54 IST" name="Default test" finished-at="2022-08-29T15:00:33 IST" duration-ms="39373">
      <class name="test.FundsPage">
        <test-method is-config="true" signature="addReport()[pri:0, instance:test.FundsPage@478190fc]" started-at="2022-08-29T14:59:54 IST" name="addReport" finished-at="2022-08-29T14:59:54 IST" duration-ms="282" status="PASS">
          <reporter-output>
          </reporter-output>
        </test-method> <!-- addReport -->
        <test-method is-config="true" signature="launchBrowser()[pri:0, instance:test.FundsPage@478190fc]" started-at="2022-08-29T14:59:54 IST" name="launchBrowser" finished-at="2022-08-29T15:00:04 IST" duration-ms="10034" status="PASS">
          <reporter-output>
          </reporter-output>
        </test-method> <!-- launchBrowser -->
        <test-method signature="data(int,int)[pri:0, instance:test.FundsPage@478190fc]" started-at="2022-08-29T15:00:04 IST" name="data" data-provider="DataForTest1" finished-at="2022-08-29T15:00:04 IST" duration-ms="261" status="PASS">
          <params>
            <param index="0">
              <value>
                <![CDATA[5]]>
              </value>
            </param>
            <param index="1">
              <value>
                <![CDATA[10]]>
              </value>
            </param>
          </params>
          <reporter-output>
          </reporter-output>
        </test-method> <!-- data -->
        <test-method is-config="true" signature="PostTest(org.testng.ITestResult)[pri:0, instance:test.FundsPage@478190fc]" started-at="2022-08-29T15:00:04 IST" name="PostTest" finished-at="2022-08-29T15:00:04 IST" duration-ms="6" status="PASS">
          <params>
            <param index="0">
              <value>
                <![CDATA[[TestResult name=data status=SUCCESS method=FundsPage.data(int,int)[pri:0, instance:test.FundsPage@478190fc] output={null}]]]>
              </value>
            </param>
          </params>
          <reporter-output>
          </reporter-output>
        </test-method> <!-- PostTest -->
        <test-method is-config="true" signature="addReport()[pri:0, instance:test.FundsPage@478190fc]" started-at="2022-08-29T15:00:04 IST" name="addReport" finished-at="2022-08-29T15:00:04 IST" duration-ms="1" status="PASS">
          <reporter-output>
          </reporter-output>
        </test-method> <!-- addReport -->
        <test-method is-config="true" signature="launchBrowser()[pri:0, instance:test.FundsPage@478190fc]" started-at="2022-08-29T15:00:04 IST" name="launchBrowser" finished-at="2022-08-29T15:00:13 IST" duration-ms="8629" status="PASS">
          <reporter-output>
          </reporter-output>
        </test-method> <!-- launchBrowser -->
        <test-method signature="data(int,int)[pri:0, instance:test.FundsPage@478190fc]" started-at="2022-08-29T15:00:13 IST" name="data" data-provider="DataForTest1" finished-at="2022-08-29T15:00:13 IST" duration-ms="5" status="PASS">
          <params>
            <param index="0">
              <value>
                <![CDATA[5]]>
              </value>
            </param>
            <param index="1">
              <value>
                <![CDATA[8]]>
              </value>
            </param>
          </params>
          <reporter-output>
          </reporter-output>
        </test-method> <!-- data -->
        <test-method is-config="true" signature="PostTest(org.testng.ITestResult)[pri:0, instance:test.FundsPage@478190fc]" started-at="2022-08-29T15:00:13 IST" name="PostTest" finished-at="2022-08-29T15:00:13 IST" duration-ms="1" status="PASS">
          <params>
            <param index="0">
              <value>
                <![CDATA[[TestResult name=data status=SUCCESS method=FundsPage.data(int,int)[pri:0, instance:test.FundsPage@478190fc] output={null}]]]>
              </value>
            </param>
          </params>
          <reporter-output>
          </reporter-output>
        </test-method> <!-- PostTest -->
        <test-method is-config="true" signature="addReport()[pri:0, instance:test.FundsPage@478190fc]" started-at="2022-08-29T15:00:13 IST" name="addReport" finished-at="2022-08-29T15:00:13 IST" duration-ms="1" status="PASS">
          <reporter-output>
          </reporter-output>
        </test-method> <!-- addReport -->
        <test-method is-config="true" signature="launchBrowser()[pri:0, instance:test.FundsPage@478190fc]" started-at="2022-08-29T15:00:13 IST" name="launchBrowser" finished-at="2022-08-29T15:00:32 IST" duration-ms="19482" status="PASS">
          <reporter-output>
          </reporter-output>
        </test-method> <!-- launchBrowser -->
        <test-method signature="data(int,int)[pri:0, instance:test.FundsPage@478190fc]" started-at="2022-08-29T15:00:32 IST" name="data" data-provider="DataForTest1" finished-at="2022-08-29T15:00:33 IST" duration-ms="4" status="PASS">
          <params>
            <param index="0">
              <value>
                <![CDATA[40]]>
              </value>
            </param>
            <param index="1">
              <value>
                <![CDATA[5]]>
              </value>
            </param>
          </params>
          <reporter-output>
          </reporter-output>
        </test-method> <!-- data -->
        <test-method is-config="true" signature="PostTest(org.testng.ITestResult)[pri:0, instance:test.FundsPage@478190fc]" started-at="2022-08-29T15:00:33 IST" name="PostTest" finished-at="2022-08-29T15:00:33 IST" duration-ms="1" status="PASS">
          <params>
            <param index="0">
              <value>
                <![CDATA[[TestResult name=data status=SUCCESS method=FundsPage.data(int,int)[pri:0, instance:test.FundsPage@478190fc] output={null}]]]>
              </value>
            </param>
          </params>
          <reporter-output>
          </reporter-output>
        </test-method> <!-- PostTest -->
        <test-method is-config="true" signature="flushReport()[pri:0, instance:test.FundsPage@478190fc]" started-at="2022-08-29T15:00:33 IST" name="flushReport" finished-at="2022-08-29T15:00:33 IST" duration-ms="613" status="PASS">
          <reporter-output>
          </reporter-output>
        </test-method> <!-- flushReport -->
      </class> <!-- test.FundsPage -->
    </test> <!-- Default test -->
  </suite> <!-- Default suite -->
</testng-results>
